2025-10-28 00:41:34, MOVE, v:1, k:poo@grafite, mode:PICK
2025-10-28 00:41:35, EXEC, v:1, k:poo@grafite, mode:FULL, rate:0, size:78
2025-10-28 01:18:50, EXEC, v:1, k:poo@grafite, mode:FULL, rate:0, size:96
2025-10-28 01:19:16, EXEC, v:1, k:poo@grafite, mode:FULL, rate:10, size:96
2025-10-28 01:35:08, EXEC, v:1, k:poo@grafite, mode:FULL, rate:10
2025-10-28 01:36:55, EXEC, v:1, k:poo@grafite, mode:FULL, rate:10, size:96
2025-10-28 01:37:33, EXEC, v:1, k:poo@grafite, mode:FULL, rate:60, size:96
2025-10-28 01:38:10, EXEC, v:1, k:poo@grafite, mode:FULL, rate:70, size:96
2025-10-28 01:44:04, EXEC, v:1, k:poo@grafite, mode:FULL, rate:70, size:95
2025-10-28 01:44:44, EXEC, v:1, k:poo@grafite, mode:FULL, rate:70, size:100
2025-10-28 01:48:23, EXEC, v:1, k:poo@grafite, mode:FULL, rate:70, size:145
2025-10-28 01:51:42, EXEC, v:1, k:poo@grafite, mode:FULL, rate:70, size:128
2025-10-28 09:27:18, MOVE, v:1, k:poo@grafite, mode:PICK
2025-10-28 09:27:20, EXEC, v:1, k:poo@grafite, mode:FULL, rate:70
2025-10-28 09:29:54, EXEC, v:1, k:poo@grafite, mode:FULL, rate:70, size:128
2025-10-28 09:35:28, EXEC, v:1, k:poo@grafite, mode:FULL, rate:70, size:128
2025-10-28 09:37:18, EXEC, v:1, k:poo@grafite, mode:FULL, rate:70, size:128
2025-10-28 09:44:02, EXEC, v:1, k:poo@grafite, mode:FULL, rate:70, size:135
2025-10-28 09:45:23, EXEC, v:1, k:poo@grafite, mode:FULL, rate:70, size:135
2025-10-28 09:47:08, EXEC, v:1, k:poo@grafite, mode:FULL, rate:70, size:138
2025-10-28 09:49:58, EXEC, v:1, k:poo@grafite, mode:FULL, rate:70, size:138
2025-10-28 09:52:06, EXEC, v:1, k:poo@grafite, mode:FULL, rate:70, size:134
2025-10-28 09:52:50, EXEC, v:1, k:poo@grafite, mode:FULL, rate:70, size:131
2025-10-28 09:54:02, EXEC, v:1, k:poo@grafite, mode:FULL, rate:70, size:132
2025-10-28 09:55:10, EXEC, v:1, k:poo@grafite, mode:FULL, rate:60, size:132
2025-10-28 09:55:22, EXEC, v:1, k:poo@grafite, mode:FULL, rate:70, size:132
2025-10-28 09:57:13, EXEC, v:1, k:poo@grafite, mode:FULL, rate:90, size:132
2025-10-28 09:58:15, EXEC, v:1, k:poo@grafite, mode:FULL, rate:90, size:135
2025-10-28 10:01:09, EXEC, v:1, k:poo@grafite, mode:FULL, rate:90, size:151
2025-10-28 10:08:07, MOVE, v:1, k:poo@grafite, mode:BACK
2025-10-28 10:08:09, MOVE, v:1, k:poo@motouber, mode:PICK
2025-10-28 10:08:10, EXEC, v:1, k:poo@motouber, mode:FREE, size:178
2025-10-28 10:38:01, EXEC, v:1, k:poo@motouber, mode:FULL, rate:0, size:118
2025-10-28 10:41:42, EXEC, v:1, k:poo@motouber, mode:FULL, rate:0, size:112
2025-10-28 10:45:02, EXEC, v:1, k:poo@motouber, mode:FULL, rate:12, size:117
2025-10-28 10:46:43, EXEC, v:1, k:poo@motouber, mode:FULL, rate:100, size:113
2025-10-28 10:50:04, EXEC, v:1, k:poo@motouber, mode:FULL, rate:100, size:102
2025-10-28 10:50:06, MOVE, v:1, k:poo@motouber, mode:BACK
2025-10-28 10:50:45, SELF, v:1, k:poo@motouber, rate:100, iagen:sim, guide:sim, alone:5, study:60
2025-10-28 10:51:06, MOVE, v:1, k:poo@grafite, mode:PICK
2025-10-28 10:51:07, EXEC, v:1, k:poo@grafite, mode:FULL, rate:80, size:136
2025-10-28 10:52:03, MOVE, v:1, k:poo@grafite, mode:BACK
